<?xml version="1.0" encoding="UTF-8"?>
<testsuite name="com.example.Tests" tests="1" skipped="0" failures="1" errors="0" timestamp="2025-03-28T11:17:04" hostname="M54GXCNPN6" time="0.554">
  <properties/>
  <testcase name="testGetMessages()" classname="com.example.Tests" time="0.554">
    <failure message="java.lang.AssertionError: Status expected:&lt;200 OK&gt; but was:&lt;404 NOT_FOUND&gt;" type="java.lang.AssertionError">java.lang.AssertionError: Status expected:&lt;200 OK&gt; but was:&lt;404 NOT_FOUND&gt;
	at org.springframework.test.util.AssertionErrors.fail(AssertionErrors.java:61)
	at org.springframework.test.util.AssertionErrors.assertEquals(AssertionErrors.java:128)
	at org.springframework.test.web.reactive.server.StatusAssertions.lambda$assertStatusAndReturn$4(StatusAssertions.java:236)
	at org.springframework.test.web.reactive.server.ExchangeResult.assertWithDiagnostics(ExchangeResult.java:232)
	at org.springframework.test.web.reactive.server.StatusAssertions.assertStatusAndReturn(StatusAssertions.java:236)
	at org.springframework.test.web.reactive.server.StatusAssertions.isOk(StatusAssertions.java:68)
	at com.example.Tests.testGetMessages(Tests.java:26)
	at java.base/java.lang.reflect.Method.invoke(Method.java:580)
	at java.base/java.util.ArrayList.forEach(ArrayList.java:1596)
	at java.base/java.util.ArrayList.forEach(ArrayList.java:1596)
</failure>
  </testcase>
  <system-out><![CDATA[13:17:04.134 [Test worker] INFO org.springframework.test.context.support.AnnotationConfigContextLoaderUtils -- Could not detect default configuration classes for test class [com.example.Tests]: Tests does not declare any static, non-private, non-final, nested classes annotated with @Configuration.
13:17:04.178 [Test worker] INFO org.springframework.boot.test.context.SpringBootTestContextBootstrapper -- Found @SpringBootConfiguration com.example.SpringReactiveApplication for test class com.example.Tests

  .   ____          _            __ _ _
 /\\ / ___'_ __ _ _(_)_ __  __ _ \ \ \ \
( ( )\___ | '_ | '_| | '_ \/ _` | \ \ \ \
 \\/  ___)| |_)| | | | | || (_| |  ) ) ) )
  '  |____| .__|_| |_|_| |_\__, | / / / /
 =========|_|==============|___/=/_/_/_/

 :: Spring Boot ::                (v3.4.3)

2025-03-28T13:17:04.321+02:00  INFO 78435 --- [    Test worker] com.example.Tests                        : Starting Tests using Java 21.0.6 with PID 78435 (started by A1B1E68 in /Users/A1B1E68/Internet_lessons/git_repo/spring-boot-3-course/08-spring-webflux/Spring Webflux/lesson1/task2)
2025-03-28T13:17:04.321+02:00  INFO 78435 --- [    Test worker] com.example.Tests                        : No active profile set, falling back to 1 default profile: "default"
2025-03-28T13:17:04.818+02:00  INFO 78435 --- [    Test worker] o.s.b.web.embedded.netty.NettyWebServer  : Netty started on port 53445 (http)
2025-03-28T13:17:04.826+02:00  INFO 78435 --- [    Test worker] com.example.Tests                        : Started Tests in 0.596 seconds (process running for 1.005)
2025-03-28T13:17:05.287+02:00 ERROR 78435 --- [    Test worker] i.n.r.d.DnsServerAddressStreamProviders  : Unable to load io.netty.resolver.dns.macos.MacOSDnsServerAddressStreamProvider, fallback to system defaults. This may result in incorrect DNS resolutions on MacOS. Check whether you have a dependency on 'io.netty:netty-resolver-dns-native-macos'. Use DEBUG level to see the full stack: java.lang.UnsatisfiedLinkError: failed to load the required native library
2025-03-28T13:17:05.377+02:00 ERROR 78435 --- [    Test worker] o.s.t.w.reactive.server.ExchangeResult   : Request details for assertion failure:

> GET http://localhost:53445/api/messages
> accept-encoding: [gzip]
> user-agent: [ReactorNetty/1.2.3]
> host: [localhost:53445]
> accept: [*/*]
> WebTestClient-Request-Id: [1]

No content

< 404 NOT_FOUND Not Found
< Content-Type: [application/json]
< Content-Length: [126]

{"timestamp":"2025-03-28T11:17:05.355+00:00","path":"/api/messages","status":404,"error":"Not Found","requestId":"01c27dc0-1"}

]]></system-out>
  <system-err><![CDATA[Mockito is currently self-attaching to enable the inline-mock-maker. This will no longer work in future releases of the JDK. Please add Mockito as an agent to your build what is described in Mockito's documentation: https://javadoc.io/doc/org.mockito/mockito-core/latest/org/mockito/Mockito.html#0.3
WARNING: A Java agent has been loaded dynamically (/Users/A1B1E68/.gradle/caches/modules-2/files-2.1/net.bytebuddy/byte-buddy-agent/1.15.4/58e850dde88f3cf20f41f659440bef33f6c4fe02/byte-buddy-agent-1.15.4.jar)
WARNING: If a serviceability tool is in use, please run with -XX:+EnableDynamicAgentLoading to hide this warning
WARNING: If a serviceability tool is not in use, please run with -Djdk.instrument.traceUsage for more information
WARNING: Dynamic loading of agents will be disallowed by default in a future release
]]></system-err>
</testsuite>
